Using pre-set license
Built from '2021.3/staging' branch; Version is '2021.3.6f1 (7da38d85baf6) revision 8233869'; Using compiler version '192829333'; Build Type 'Release'
OS: 'Windows 11  (10.0.22621) 64bit Professional' Language: 'en' Physical Memory: 16145 MB
BatchMode: 1, IsHumanControllingUs: 0, StartBugReporterOnCrash: 0, Is64bit: 1, IsPro: 1

COMMAND LINE ARGUMENTS:
C:\Program Files\Unity\Hub\Editor\2021.3.6f1\Editor\Unity.exe
-adb2
-batchMode
-noUpm
-name
AssetImportWorker5
-projectPath
C:/Users/matt/Desktop/games/Hamsterball/Fan games/Fake HB2/Fake HB2
-logFile
Logs/AssetImportWorker5.log
-srvPort
53155
Successfully changed project path to: C:/Users/matt/Desktop/games/Hamsterball/Fan games/Fake HB2/Fake HB2
C:/Users/matt/Desktop/games/Hamsterball/Fan games/Fake HB2/Fake HB2
[UnityMemory] Configuration Parameters - Can be set up in boot.config
    "memorysetup-bucket-allocator-granularity=16"
    "memorysetup-bucket-allocator-bucket-count=8"
    "memorysetup-bucket-allocator-block-size=33554432"
    "memorysetup-bucket-allocator-block-count=8"
    "memorysetup-main-allocator-block-size=16777216"
    "memorysetup-thread-allocator-block-size=16777216"
    "memorysetup-gfx-main-allocator-block-size=16777216"
    "memorysetup-gfx-thread-allocator-block-size=16777216"
    "memorysetup-cache-allocator-block-size=4194304"
    "memorysetup-typetree-allocator-block-size=2097152"
    "memorysetup-profiler-bucket-allocator-granularity=16"
    "memorysetup-profiler-bucket-allocator-bucket-count=8"
    "memorysetup-profiler-bucket-allocator-block-size=33554432"
    "memorysetup-profiler-bucket-allocator-block-count=8"
    "memorysetup-profiler-allocator-block-size=16777216"
    "memorysetup-profiler-editor-allocator-block-size=1048576"
    "memorysetup-temp-allocator-size-main=16777216"
    "memorysetup-job-temp-allocator-block-size=2097152"
    "memorysetup-job-temp-allocator-block-size-background=1048576"
    "memorysetup-job-temp-allocator-reduction-small-platforms=262144"
    "memorysetup-temp-allocator-size-background-worker=32768"
    "memorysetup-temp-allocator-size-job-worker=262144"
    "memorysetup-temp-allocator-size-preload-manager=33554432"
    "memorysetup-temp-allocator-size-nav-mesh-worker=65536"
    "memorysetup-temp-allocator-size-audio-worker=65536"
    "memorysetup-temp-allocator-size-cloud-worker=32768"
    "memorysetup-temp-allocator-size-gi-baking-worker=262144"
    "memorysetup-temp-allocator-size-gfx=262144"
Refreshing native plugins compatible for Editor in 155.55 ms, found 3 plugins.
Preloading 0 native plugins for Editor in 0.00 ms.
Initialize engine version: 2021.3.6f1 (7da38d85baf6)
[Subsystems] Discovering subsystems at path C:/Program Files/Unity/Hub/Editor/2021.3.6f1/Editor/Data/Resources/UnitySubsystems
[Subsystems] Discovering subsystems at path C:/Users/matt/Desktop/games/Hamsterball/Fan games/Fake HB2/Fake HB2/Assets
GfxDevice: creating device client; threaded=0; jobified=0
Direct3D:
    Version:  Direct3D 11.0 [level 11.1]
    Renderer: NVIDIA GeForce GTX 1650 Ti (ID=0x1f95)
    Vendor:   NVIDIA
    VRAM:     3949 MB
    Driver:   31.0.15.2849
Initialize mono
Mono path[0] = 'C:/Program Files/Unity/Hub/Editor/2021.3.6f1/Editor/Data/Managed'
Mono path[1] = 'C:/Program Files/Unity/Hub/Editor/2021.3.6f1/Editor/Data/MonoBleedingEdge/lib/mono/unityjit-win32'
Mono config path = 'C:/Program Files/Unity/Hub/Editor/2021.3.6f1/Editor/Data/MonoBleedingEdge/etc'
Using monoOptions --debugger-agent=transport=dt_socket,embedding=1,server=y,suspend=n,address=127.0.0.1:56072
Begin MonoManager ReloadAssembly
Registering precompiled unity dll's ...
Register platform support module: C:/Program Files/Unity/Hub/Editor/2021.3.6f1/Editor/Data/PlaybackEngines/WindowsStandaloneSupport/UnityEditor.WindowsStandalone.Extensions.dll
Registered in 0.007138 seconds.
Native extension for WindowsStandalone target not found
Refreshing native plugins compatible for Editor in 106.99 ms, found 3 plugins.
Preloading 0 native plugins for Editor in 0.00 ms.
Mono: successfully reloaded assembly
- Completed reload, in  0.941 seconds
Domain Reload Profiling:
	ReloadAssembly (942ms)
		BeginReloadAssembly (97ms)
			ExecutionOrderSort (0ms)
			DisableScriptedObjects (0ms)
			BackupInstance (0ms)
			ReleaseScriptingObjects (0ms)
			CreateAndSetChildDomain (1ms)
		EndReloadAssembly (704ms)
			LoadAssemblies (94ms)
			RebuildTransferFunctionScriptingTraits (0ms)
			SetupTypeCache (150ms)
			ReleaseScriptCaches (0ms)
			RebuildScriptCaches (42ms)
			SetupLoadedEditorAssemblies (436ms)
				LogAssemblyErrors (0ms)
				InitializePlatformSupportModulesInManaged (10ms)
				SetLoadedEditorAssemblies (0ms)
				RefreshPlugins (107ms)
				BeforeProcessingInitializeOnLoad (2ms)
				ProcessInitializeOnLoadAttributes (241ms)
				ProcessInitializeOnLoadMethodAttributes (76ms)
				AfterProcessingInitializeOnLoad (0ms)
				EditorAssembliesLoaded (0ms)
			ExecutionOrderSort2 (0ms)
			AwakeInstancesAfterBackupRestoration (0ms)
Platform modules already initialized, skipping
Registering precompiled user dll's ...
Registered in 0.009342 seconds.
Begin MonoManager ReloadAssembly
Symbol file LoadedFromMemory doesn't match image C:\Users\matt\Desktop\games\Hamsterball\Fan games\Fake HB2\Fake HB2\Library\PackageCache\com.unity.visualscripting@1.7.8\Editor\VisualScripting.Core\Dependencies\YamlDotNet\Unity.VisualScripting.YamlDotNet.dll
Symbol file LoadedFromMemory doesn't match image C:\Users\matt\Desktop\games\Hamsterball\Fan games\Fake HB2\Fake HB2\Library\PackageCache\com.unity.visualscripting@1.7.8\Editor\VisualScripting.Core\Dependencies\DotNetZip\Unity.VisualScripting.IonicZip.dll
Native extension for WindowsStandalone target not found
Refreshing native plugins compatible for Editor in 0.67 ms, found 3 plugins.
Preloading 0 native plugins for Editor in 0.00 ms.
Mono: successfully reloaded assembly
- Completed reload, in  1.347 seconds
Domain Reload Profiling:
	ReloadAssembly (1349ms)
		BeginReloadAssembly (139ms)
			ExecutionOrderSort (0ms)
			DisableScriptedObjects (7ms)
			BackupInstance (0ms)
			ReleaseScriptingObjects (0ms)
			CreateAndSetChildDomain (24ms)
		EndReloadAssembly (1060ms)
			LoadAssemblies (107ms)
			RebuildTransferFunctionScriptingTraits (0ms)
			SetupTypeCache (357ms)
			ReleaseScriptCaches (1ms)
			RebuildScriptCaches (65ms)
			SetupLoadedEditorAssemblies (479ms)
				LogAssemblyErrors (0ms)
				InitializePlatformSupportModulesInManaged (7ms)
				SetLoadedEditorAssemblies (1ms)
				RefreshPlugins (1ms)
				BeforeProcessingInitializeOnLoad (108ms)
				ProcessInitializeOnLoadAttributes (315ms)
				ProcessInitializeOnLoadMethodAttributes (38ms)
				AfterProcessingInitializeOnLoad (9ms)
				EditorAssembliesLoaded (0ms)
			ExecutionOrderSort2 (0ms)
			AwakeInstancesAfterBackupRestoration (8ms)
Platform modules already initialized, skipping
========================================================================
Worker process is ready to serve import requests
Launched and connected shader compiler UnityShaderCompiler.exe after 0.08 seconds
Refreshing native plugins compatible for Editor in 0.76 ms, found 3 plugins.
Preloading 0 native plugins for Editor in 0.00 ms.
Unloading 3383 Unused Serialized files (Serialized files now loaded: 0)
Unloading 25 unused Assets / (55.4 KB). Loaded Objects now: 3843.
Memory consumption went from 116.6 MB to 116.5 MB.
Total: 4.291200 ms (FindLiveObjects: 0.375300 ms CreateObjectMapping: 0.300600 ms MarkObjects: 3.504000 ms  DeleteObjects: 0.109400 ms)

AssetImportParameters requested are different than current active one (requested -> active):
  custom:video-decoder-ogg-theora: a1e56fd34408186e4bbccfd4996cb3dc -> 
  custom:container-muxer-webm: aa71ff27fc2769a1b78a27578f13a17b -> 
  custom:container-demuxer-webm: 4f35f7cbe854078d1ac9338744f61a02 -> 
  custom:video-encoder-webm-vp8: eb34c28f22e8b96e1ab97ce403110664 -> 
  custom:video-codec-MediaFoundation-h265: 746d11721c4dcdbdad8f713fa42b33f4 -> 
  custom:audio-encoder-webm-vorbis: bf7c407c2cedff20999df2af8eb42d56 -> 
  custom:framework-win-MediaFoundation: 216162199b28c13a410421893ffa2e32 -> 
  custom:container-demuxer-ogg: 62fdf1f143b41e24485cea50d1cbac27 -> 
  custom:video-decoder-webm-vp8: 9c59270c3fd7afecdb556c50c9e8de78 -> 
  custom:audio-decoder-ogg-vorbis: bf7c407c2cedff20999df2af8eb42d56 -> 
========================================================================
Received Import Request.
  Time since last request: 182369.698312 seconds.
  path: Assets/models/Materials
  artifactKey: Guid(b24ba164073791d4cb74b882f9a640bf) Importer(815301076,1909f56bfc062723c751e8b465ee728b)
Start importing Assets/models/Materials using Guid(b24ba164073791d4cb74b882f9a640bf) Importer(815301076,1909f56bfc062723c751e8b465ee728b)  -> (artifact id: '3905d4bda2c1a57badde2046b41e34b8') in 0.020121 seconds 
========================================================================
Received Import Request.
  Time since last request: 0.026397 seconds.
  path: Assets/models/Materials/checkered_tile_0x000000FF_0xFFFF00FF.png.mat
  artifactKey: Guid(895ea434e8a05e6468062e19f1793323) Importer(815301076,1909f56bfc062723c751e8b465ee728b)
Start importing Assets/models/Materials/checkered_tile_0x000000FF_0xFFFF00FF.png.mat using Guid(895ea434e8a05e6468062e19f1793323) Importer(815301076,1909f56bfc062723c751e8b465ee728b)  -> (artifact id: 'd057cdc1e626152ac1e566e67bd46a33') in 0.272619 seconds 
========================================================================
Received Import Request.
  Time since last request: 0.000082 seconds.
  path: Assets/models/Materials/Material_6.mat
  artifactKey: Guid(d0c1893123cb5f449a834d1ae42456d5) Importer(815301076,1909f56bfc062723c751e8b465ee728b)
Start importing Assets/models/Materials/Material_6.mat using Guid(d0c1893123cb5f449a834d1ae42456d5) Importer(815301076,1909f56bfc062723c751e8b465ee728b)  -> (artifact id: '8a9b324b0dd6edb3e35b28685a7ce547') in 0.028501 seconds 
========================================================================
Received Import Request.
  Time since last request: 0.000050 seconds.
  path: Assets/models/Materials/floorInverted_0xFFC5C6FF.png.mat
  artifactKey: Guid(54fb77ad60bd3b244a3ae4a6314ea726) Importer(815301076,1909f56bfc062723c751e8b465ee728b)
Start importing Assets/models/Materials/floorInverted_0xFFC5C6FF.png.mat using Guid(54fb77ad60bd3b244a3ae4a6314ea726) Importer(815301076,1909f56bfc062723c751e8b465ee728b)  -> (artifact id: '09ba6b2a8502697cea267d258dcd0877') in 0.027802 seconds 
========================================================================
Received Import Request.
  Time since last request: 0.000046 seconds.
  path: Assets/models/Materials/Material_5.mat
  artifactKey: Guid(dfd7c9aa64b450e4b83b9c21d0e88502) Importer(815301076,1909f56bfc062723c751e8b465ee728b)
Start importing Assets/models/Materials/Material_5.mat using Guid(dfd7c9aa64b450e4b83b9c21d0e88502) Importer(815301076,1909f56bfc062723c751e8b465ee728b)  -> (artifact id: '4fd8d09710b3d7f5ca6308aee727028d') in 0.030752 seconds 
========================================================================
Received Import Request.
  Time since last request: 0.000044 seconds.
  path: Assets/models/Materials/floorInverted_0xB96BD7FF.png.mat
  artifactKey: Guid(41a78c400369b7644a625c3e30b1880d) Importer(815301076,1909f56bfc062723c751e8b465ee728b)
Start importing Assets/models/Materials/floorInverted_0xB96BD7FF.png.mat using Guid(41a78c400369b7644a625c3e30b1880d) Importer(815301076,1909f56bfc062723c751e8b465ee728b)  -> (artifact id: '4b9d022a7e0b429a29c088e4202863c7') in 0.024487 seconds 
========================================================================
Received Import Request.
  Time since last request: 0.000038 seconds.
  path: Assets/models/Materials/floorInverted_0xFFCF73FF.png.mat
  artifactKey: Guid(06251d386fb4aad43ab331292b9f6481) Importer(815301076,1909f56bfc062723c751e8b465ee728b)
Start importing Assets/models/Materials/floorInverted_0xFFCF73FF.png.mat using Guid(06251d386fb4aad43ab331292b9f6481) Importer(815301076,1909f56bfc062723c751e8b465ee728b)  -> (artifact id: '27113286012555b5ed21dbd97b80edf6') in 0.029912 seconds 
========================================================================
Received Import Request.
  Time since last request: 0.000029 seconds.
  path: Assets/models/Materials/floor_0xB19CF0FF.png.mat
  artifactKey: Guid(81057a52738887147908908ea8c634ff) Importer(815301076,1909f56bfc062723c751e8b465ee728b)
Start importing Assets/models/Materials/floor_0xB19CF0FF.png.mat using Guid(81057a52738887147908908ea8c634ff) Importer(815301076,1909f56bfc062723c751e8b465ee728b)  -> (artifact id: '0dae49b94bd17f4fdac3d540704df11c') in 0.028583 seconds 
========================================================================
Received Import Request.
  Time since last request: 0.000117 seconds.
  path: Assets/models/Materials/Material_35.mat
  artifactKey: Guid(5cccc536115a84145b5bb50aaf96f63c) Importer(815301076,1909f56bfc062723c751e8b465ee728b)
Start importing Assets/models/Materials/Material_35.mat using Guid(5cccc536115a84145b5bb50aaf96f63c) Importer(815301076,1909f56bfc062723c751e8b465ee728b)  -> (artifact id: 'ad47434b9e4ec264bb5570de227d7373') in 0.029865 seconds 
========================================================================
Received Import Request.
  Time since last request: 0.000046 seconds.
  path: Assets/models/Materials/checkered_tile_0xFFFF00FF_0xFFFFFFFF.png.mat
  artifactKey: Guid(59896ac9570d02d43817b45ea3f1560d) Importer(815301076,1909f56bfc062723c751e8b465ee728b)
Start importing Assets/models/Materials/checkered_tile_0xFFFF00FF_0xFFFFFFFF.png.mat using Guid(59896ac9570d02d43817b45ea3f1560d) Importer(815301076,1909f56bfc062723c751e8b465ee728b)  -> (artifact id: '5be3a3efb0f01df7e1dd79445b961eaa') in 0.031863 seconds 
========================================================================
Received Import Request.
  Time since last request: 0.000085 seconds.
  path: Assets/models/Materials/floor_0x000000FF.png.mat
  artifactKey: Guid(cc2dfdd13f2e60448a9a29d395935f80) Importer(815301076,1909f56bfc062723c751e8b465ee728b)
Start importing Assets/models/Materials/floor_0x000000FF.png.mat using Guid(cc2dfdd13f2e60448a9a29d395935f80) Importer(815301076,1909f56bfc062723c751e8b465ee728b)  -> (artifact id: 'b26cfb527b3024d700e156ea88e921b8') in 0.027142 seconds 
========================================================================
Received Import Request.
  Time since last request: 0.000045 seconds.
  path: Assets/models/Materials/floor_0xFFCF73FF.png.mat
  artifactKey: Guid(d028d418b6ede7c44b835e7553751931) Importer(815301076,1909f56bfc062723c751e8b465ee728b)
Start importing Assets/models/Materials/floor_0xFFCF73FF.png.mat using Guid(d028d418b6ede7c44b835e7553751931) Importer(815301076,1909f56bfc062723c751e8b465ee728b)  -> (artifact id: '5cd1f163d7e1868a61d0804b3de16790') in 0.030970 seconds 
========================================================================
Received Import Request.
  Time since last request: 0.000056 seconds.
  path: Assets/models/Materials/Material_18.mat
  artifactKey: Guid(216a874930579a943915ea9190cff789) Importer(815301076,1909f56bfc062723c751e8b465ee728b)
Start importing Assets/models/Materials/Material_18.mat using Guid(216a874930579a943915ea9190cff789) Importer(815301076,1909f56bfc062723c751e8b465ee728b)  -> (artifact id: '812144294107a015ef1c622fa1f42900') in 0.029694 seconds 
========================================================================
Received Import Request.
  Time since last request: 0.000035 seconds.
  path: Assets/models/Materials/Material_15.mat
  artifactKey: Guid(2708490daf48f8747b7ec63fdb695ed0) Importer(815301076,1909f56bfc062723c751e8b465ee728b)
Start importing Assets/models/Materials/Material_15.mat using Guid(2708490daf48f8747b7ec63fdb695ed0) Importer(815301076,1909f56bfc062723c751e8b465ee728b)  -> (artifact id: '504b4626cac97eb394c92eac0c25d3d0') in 0.032994 seconds 
========================================================================
Received Import Request.
  Time since last request: 0.000093 seconds.
  path: Assets/models/Materials/Material_28.mat
  artifactKey: Guid(8f8e563f7de7b1841bb66e3ff0754327) Importer(815301076,1909f56bfc062723c751e8b465ee728b)
Start importing Assets/models/Materials/Material_28.mat using Guid(8f8e563f7de7b1841bb66e3ff0754327) Importer(815301076,1909f56bfc062723c751e8b465ee728b)  -> (artifact id: '7947bef667a2b5b5232d16a6b22d28d8') in 0.038624 seconds 
========================================================================
Received Import Request.
  Time since last request: 0.000184 seconds.
  path: Assets/models/Materials/Material_24.mat
  artifactKey: Guid(94fbad79274216c48b0fa0d01287d777) Importer(815301076,1909f56bfc062723c751e8b465ee728b)
Start importing Assets/models/Materials/Material_24.mat using Guid(94fbad79274216c48b0fa0d01287d777) Importer(815301076,1909f56bfc062723c751e8b465ee728b)  -> (artifact id: 'f08cef45cb84878ab2a8826f1b304dec') in 0.032827 seconds 
========================================================================
Received Import Request.
  Time since last request: 0.000062 seconds.
  path: Assets/models/Materials/checkered_tile_0xCFCFCFFF_0xFFFFFFFF.png.mat
  artifactKey: Guid(1297e0c180655884190c2c0a4a15cd5c) Importer(815301076,1909f56bfc062723c751e8b465ee728b)
Start importing Assets/models/Materials/checkered_tile_0xCFCFCFFF_0xFFFFFFFF.png.mat using Guid(1297e0c180655884190c2c0a4a15cd5c) Importer(815301076,1909f56bfc062723c751e8b465ee728b)  -> (artifact id: 'b5bb53942cc48ba34468f72f0de64402') in 0.027238 seconds 
========================================================================
Received Import Request.
  Time since last request: 36.656374 seconds.
  path: Assets/models/textures/checkered_tile_0xCFCFCFFF_0xFFFFFFFF.png
  artifactKey: Guid(1f367288bbce6de40a29b8db06aa8dc6) Importer(815301076,1909f56bfc062723c751e8b465ee728b)
Start importing Assets/models/textures/checkered_tile_0xCFCFCFFF_0xFFFFFFFF.png using Guid(1f367288bbce6de40a29b8db06aa8dc6) Importer(815301076,1909f56bfc062723c751e8b465ee728b)  -> (artifact id: '8b213d1afabe4eaf2d91aa8795fae864') in 0.076236 seconds 
========================================================================
Received Import Request.
  Time since last request: 0.000044 seconds.
  path: Assets/models/textures/checkered_tile_0xFF1A18FF_0xFFFFFFFF.png
  artifactKey: Guid(814859d8074fd1944947c63e4b0cc8bc) Importer(815301076,1909f56bfc062723c751e8b465ee728b)
Start importing Assets/models/textures/checkered_tile_0xFF1A18FF_0xFFFFFFFF.png using Guid(814859d8074fd1944947c63e4b0cc8bc) Importer(815301076,1909f56bfc062723c751e8b465ee728b)  -> (artifact id: 'fb1bdaa8a2c14d3a24a17c830c9f5aa3') in 0.025761 seconds 
========================================================================
Received Import Request.
  Time since last request: 0.000045 seconds.
  path: Assets/models/textures/checkered_tile_0xFFFFFFFF_0xFF1A12FF.png
  artifactKey: Guid(ddb09395de017bd429465c4c873ffdd9) Importer(815301076,1909f56bfc062723c751e8b465ee728b)
Start importing Assets/models/textures/checkered_tile_0xFFFFFFFF_0xFF1A12FF.png using Guid(ddb09395de017bd429465c4c873ffdd9) Importer(815301076,1909f56bfc062723c751e8b465ee728b)  -> (artifact id: 'e73bfb6c8b7e7e9f9a3e924824559f55') in 0.024741 seconds 
========================================================================
Received Import Request.
  Time since last request: 0.000043 seconds.
  path: Assets/models/textures/floor_0xFFCF73FF.png
  artifactKey: Guid(cd9686f2eb1cf83499f65d84e777bde8) Importer(815301076,1909f56bfc062723c751e8b465ee728b)
Start importing Assets/models/textures/floor_0xFFCF73FF.png using Guid(cd9686f2eb1cf83499f65d84e777bde8) Importer(815301076,1909f56bfc062723c751e8b465ee728b)  -> (artifact id: '60d43c37ecc1878d09b4a7d537e0e734') in 0.030710 seconds 
========================================================================
Received Import Request.
  Time since last request: 0.000051 seconds.
  path: Assets/models/textures/floorInverted_0x000000FF.png
  artifactKey: Guid(bcba81870dd7e134789a725f5193b803) Importer(815301076,1909f56bfc062723c751e8b465ee728b)
Start importing Assets/models/textures/floorInverted_0x000000FF.png using Guid(bcba81870dd7e134789a725f5193b803) Importer(815301076,1909f56bfc062723c751e8b465ee728b)  -> (artifact id: '68355b473c3d88e846c0e9682f4ad82e') in 0.028147 seconds 
========================================================================
Received Import Request.
  Time since last request: 0.000084 seconds.
  path: Assets/models/textures/floorInverted_0xB96BD7FF.png
  artifactKey: Guid(74f30898402c34149b23e205069a014b) Importer(815301076,1909f56bfc062723c751e8b465ee728b)
Start importing Assets/models/textures/floorInverted_0xB96BD7FF.png using Guid(74f30898402c34149b23e205069a014b) Importer(815301076,1909f56bfc062723c751e8b465ee728b)  -> (artifact id: '8181c109a6444f8bd5669e0bf00bc99e') in 0.026069 seconds 
========================================================================
Received Import Request.
  Time since last request: 0.000038 seconds.
  path: Assets/models/textures/floor_0x000000FF.png
  artifactKey: Guid(baf339fcf6f056842a482f03facc9488) Importer(815301076,1909f56bfc062723c751e8b465ee728b)
Start importing Assets/models/textures/floor_0x000000FF.png using Guid(baf339fcf6f056842a482f03facc9488) Importer(815301076,1909f56bfc062723c751e8b465ee728b)  -> (artifact id: '8cdd096dd3cbc5fab74a18a7ca6bfdd5') in 0.031627 seconds 
Editor requested this worker to shutdown with reason: Scaling down because of idle timeout
AssetImportWorker is now disconnected from the server
Process exiting
Exiting without the bug reporter. Application will terminate with return code 0